16-05-2025 15:00:02.204 [tomcat-shutdown] INFO  o.a.coyote.http11.Http11NioProtocol - Pausing ProtocolHandler ["http-nio-8080"]
16-05-2025 15:00:02.230 [Thread-5] INFO  o.a.coyote.http11.Http11NioProtocol - Stopping ProtocolHandler ["http-nio-8080"]
16-05-2025 15:00:02.417 [restartedMain] INFO  c.e.financery.FinanceryApplication - Starting FinanceryApplication using Java 23.0.2 with PID 16516 (C:\Users\MaxiM\IdeaProjects\Financery\target\classes started by MaxiM in C:\Users\MaxiM\IdeaProjects\Financery)
16-05-2025 15:00:02.417 [restartedMain] DEBUG c.e.financery.FinanceryApplication - Running with Spring Boot v3.4.2, Spring v6.2.2
16-05-2025 15:00:02.418 [restartedMain] INFO  c.e.financery.FinanceryApplication - No active profile set, falling back to 1 default profile: "default"
16-05-2025 15:00:03.323 [restartedMain] INFO  o.a.coyote.http11.Http11NioProtocol - Initializing ProtocolHandler ["http-nio-8080"]
16-05-2025 15:00:03.744 [restartedMain] WARN  org.hibernate.orm.deprecation - HHH90000025: PostgreSQLDialect does not need to be specified explicitly using 'hibernate.dialect' (remove the property setting and it will be selected by default)
16-05-2025 15:00:05.139 [restartedMain] INFO  c.e.financery.utils.InMemoryCache - LRU Кеш инициализирован с максимальным размером: 3
16-05-2025 15:00:05.215 [restartedMain] INFO  c.e.financery.aspect.LoggingAspect - Началось выполнение: AsyncConfig.executor()
16-05-2025 15:00:05.216 [restartedMain] INFO  c.e.financery.aspect.LoggingAspect - Закончилось выполнение: AsyncConfig.executor() с результатом: org.springframework.scheduling.concurrent.ThreadPoolTaskExecutor@474ae911
16-05-2025 15:00:05.255 [restartedMain] INFO  c.e.financery.aspect.LoggingAspect - Началось выполнение: OpenApiConfig.customOpenApi()
16-05-2025 15:00:05.256 [restartedMain] INFO  c.e.financery.aspect.LoggingAspect - Закончилось выполнение: OpenApiConfig.customOpenApi() с результатом: class OpenAPI {
    openapi: 3.0.1
    info: class Info {
        title: Financery API
        description: API documentation for Financery API
        summary: null
        termsOfService: null
        contact: null
        license: null
        version: 1.0
    }
    externalDocs: class ExternalDocumentation {
        description: GitHub repository
        url: https://github.com/Max0neS/Financery
    }
    servers: null
    security: null
    tags: null
    paths: null
    components: null
}
16-05-2025 15:00:06.195 [restartedMain] INFO  o.a.coyote.http11.Http11NioProtocol - Starting ProtocolHandler ["http-nio-8080"]
16-05-2025 15:00:06.208 [restartedMain] INFO  c.e.financery.FinanceryApplication - Started FinanceryApplication in 3.878 seconds (process running for 448.387)
16-05-2025 15:00:07.648 [tomcat-shutdown] INFO  o.a.coyote.http11.Http11NioProtocol - Pausing ProtocolHandler ["http-nio-8080"]
16-05-2025 15:00:07.664 [Thread-7] INFO  o.a.coyote.http11.Http11NioProtocol - Stopping ProtocolHandler ["http-nio-8080"]
16-05-2025 15:00:07.782 [restartedMain] INFO  c.e.financery.FinanceryApplication - Starting FinanceryApplication using Java 23.0.2 with PID 16516 (C:\Users\MaxiM\IdeaProjects\Financery\target\classes started by MaxiM in C:\Users\MaxiM\IdeaProjects\Financery)
16-05-2025 15:00:07.782 [restartedMain] DEBUG c.e.financery.FinanceryApplication - Running with Spring Boot v3.4.2, Spring v6.2.2
16-05-2025 15:00:07.782 [restartedMain] INFO  c.e.financery.FinanceryApplication - No active profile set, falling back to 1 default profile: "default"
16-05-2025 15:00:08.361 [restartedMain] INFO  o.a.coyote.http11.Http11NioProtocol - Initializing ProtocolHandler ["http-nio-8080"]
16-05-2025 15:00:08.621 [restartedMain] WARN  org.hibernate.orm.deprecation - HHH90000025: PostgreSQLDialect does not need to be specified explicitly using 'hibernate.dialect' (remove the property setting and it will be selected by default)
16-05-2025 15:00:09.761 [restartedMain] INFO  c.e.financery.aspect.LoggingAspect - Началось выполнение: AsyncConfig.executor()
16-05-2025 15:00:09.762 [restartedMain] INFO  c.e.financery.aspect.LoggingAspect - Закончилось выполнение: AsyncConfig.executor() с результатом: org.springframework.scheduling.concurrent.ThreadPoolTaskExecutor@181ebb0f
16-05-2025 15:00:09.865 [restartedMain] INFO  c.e.financery.utils.InMemoryCache - LRU Кеш инициализирован с максимальным размером: 3
16-05-2025 15:00:09.936 [restartedMain] INFO  c.e.financery.aspect.LoggingAspect - Началось выполнение: OpenApiConfig.customOpenApi()
16-05-2025 15:00:09.936 [restartedMain] INFO  c.e.financery.aspect.LoggingAspect - Закончилось выполнение: OpenApiConfig.customOpenApi() с результатом: class OpenAPI {
    openapi: 3.0.1
    info: class Info {
        title: Financery API
        description: API documentation for Financery API
        summary: null
        termsOfService: null
        contact: null
        license: null
        version: 1.0
    }
    externalDocs: class ExternalDocumentation {
        description: GitHub repository
        url: https://github.com/Max0neS/Financery
    }
    servers: null
    security: null
    tags: null
    paths: null
    components: null
}
16-05-2025 15:00:10.767 [restartedMain] INFO  o.a.coyote.http11.Http11NioProtocol - Starting ProtocolHandler ["http-nio-8080"]
16-05-2025 15:00:10.774 [restartedMain] INFO  c.e.financery.FinanceryApplication - Started FinanceryApplication in 3.033 seconds (process running for 452.954)
16-05-2025 15:00:44.563 [tomcat-shutdown] INFO  o.a.coyote.http11.Http11NioProtocol - Pausing ProtocolHandler ["http-nio-8080"]
16-05-2025 15:00:44.581 [Thread-11] INFO  o.a.coyote.http11.Http11NioProtocol - Stopping ProtocolHandler ["http-nio-8080"]
16-05-2025 15:00:44.709 [restartedMain] INFO  c.e.financery.FinanceryApplication - Starting FinanceryApplication using Java 23.0.2 with PID 16516 (C:\Users\MaxiM\IdeaProjects\Financery\target\classes started by MaxiM in C:\Users\MaxiM\IdeaProjects\Financery)
16-05-2025 15:00:44.709 [restartedMain] DEBUG c.e.financery.FinanceryApplication - Running with Spring Boot v3.4.2, Spring v6.2.2
16-05-2025 15:00:44.709 [restartedMain] INFO  c.e.financery.FinanceryApplication - No active profile set, falling back to 1 default profile: "default"
16-05-2025 15:00:44.776 [restartedMain] WARN  o.s.b.w.s.c.AnnotationConfigServletWebServerApplicationContext - Exception encountered during context initialization - cancelling refresh attempt: org.springframework.beans.factory.BeanDefinitionStoreException: I/O failure while processing configuration class [com.example.financery.service.impl.VisitCounterServiceImpl]
16-05-2025 15:00:44.814 [restartedMain] ERROR o.s.boot.SpringApplication - Application run failed
org.springframework.beans.factory.BeanDefinitionStoreException: I/O failure while processing configuration class [com.example.financery.service.impl.VisitCounterServiceImpl]
	at org.springframework.context.annotation.ConfigurationClassParser.processConfigurationClass(ConfigurationClassParser.java:272)
	at org.springframework.context.annotation.ConfigurationClassParser.parse(ConfigurationClassParser.java:205)
	at org.springframework.context.annotation.ConfigurationClassParser.doProcessConfigurationClass(ConfigurationClassParser.java:340)
	at org.springframework.context.annotation.ConfigurationClassParser.processConfigurationClass(ConfigurationClassParser.java:267)
	at org.springframework.context.annotation.ConfigurationClassParser.parse(ConfigurationClassParser.java:193)
	at org.springframework.context.annotation.ConfigurationClassParser.parse(ConfigurationClassParser.java:171)
	at org.springframework.context.annotation.ConfigurationClassPostProcessor.processConfigBeanDefinitions(ConfigurationClassPostProcessor.java:418)
	at org.springframework.context.annotation.ConfigurationClassPostProcessor.postProcessBeanDefinitionRegistry(ConfigurationClassPostProcessor.java:290)
	at org.springframework.context.support.PostProcessorRegistrationDelegate.invokeBeanDefinitionRegistryPostProcessors(PostProcessorRegistrationDelegate.java:349)
	at org.springframework.context.support.PostProcessorRegistrationDelegate.invokeBeanFactoryPostProcessors(PostProcessorRegistrationDelegate.java:118)
	at org.springframework.context.support.AbstractApplicationContext.invokeBeanFactoryPostProcessors(AbstractApplicationContext.java:791)
	at org.springframework.context.support.AbstractApplicationContext.refresh(AbstractApplicationContext.java:609)
	at org.springframework.boot.web.servlet.context.ServletWebServerApplicationContext.refresh(ServletWebServerApplicationContext.java:146)
	at org.springframework.boot.SpringApplication.refresh(SpringApplication.java:752)
	at org.springframework.boot.SpringApplication.refreshContext(SpringApplication.java:439)
	at org.springframework.boot.SpringApplication.run(SpringApplication.java:318)
	at org.springframework.boot.SpringApplication.run(SpringApplication.java:1361)
	at org.springframework.boot.SpringApplication.run(SpringApplication.java:1350)
	at com.example.financery.FinanceryApplication.main(FinanceryApplication.java:11)
	at java.base/jdk.internal.reflect.DirectMethodHandleAccessor.invoke(DirectMethodHandleAccessor.java:103)
	at java.base/java.lang.reflect.Method.invoke(Method.java:580)
	at org.springframework.boot.devtools.restart.RestartLauncher.run(RestartLauncher.java:50)
Caused by: java.io.FileNotFoundException: class path resource [com/example/financery/service/VisitCounterService.class] cannot be opened because it does not exist
	at org.springframework.core.io.ClassPathResource.getInputStream(ClassPathResource.java:215)
	at org.springframework.core.type.classreading.SimpleMetadataReader.getClassReader(SimpleMetadataReader.java:54)
	at org.springframework.core.type.classreading.SimpleMetadataReader.<init>(SimpleMetadataReader.java:48)
	at org.springframework.core.type.classreading.SimpleMetadataReaderFactory.getMetadataReader(SimpleMetadataReaderFactory.java:103)
	at org.springframework.boot.type.classreading.ConcurrentReferenceCachingMetadataReaderFactory.createMetadataReader(ConcurrentReferenceCachingMetadataReaderFactory.java:98)
	at org.springframework.boot.type.classreading.ConcurrentReferenceCachingMetadataReaderFactory.getMetadataReader(ConcurrentReferenceCachingMetadataReaderFactory.java:85)
	at org.springframework.core.type.classreading.SimpleMetadataReaderFactory.getMetadataReader(SimpleMetadataReaderFactory.java:81)
	at org.springframework.boot.type.classreading.ConcurrentReferenceCachingMetadataReaderFactory.getMetadataReader(ConcurrentReferenceCachingMetadataReaderFactory.java:75)
	at org.springframework.context.annotation.ConfigurationClassParser.asSourceClass(ConfigurationClassParser.java:697)
	at org.springframework.context.annotation.ConfigurationClassParser$SourceClass.getInterfaces(ConfigurationClassParser.java:1046)
	at org.springframework.context.annotation.ConfigurationClassParser.processInterfaces(ConfigurationClassParser.java:427)
	at org.springframework.context.annotation.ConfigurationClassParser.doProcessConfigurationClass(ConfigurationClassParser.java:371)
	at org.springframework.context.annotation.ConfigurationClassParser.processConfigurationClass(ConfigurationClassParser.java:267)
	... 21 common frames omitted
16-05-2025 15:00:46.375 [restartedMain] INFO  c.e.financery.FinanceryApplication - Starting FinanceryApplication using Java 23.0.2 with PID 16516 (C:\Users\MaxiM\IdeaProjects\Financery\target\classes started by MaxiM in C:\Users\MaxiM\IdeaProjects\Financery)
16-05-2025 15:00:46.375 [restartedMain] DEBUG c.e.financery.FinanceryApplication - Running with Spring Boot v3.4.2, Spring v6.2.2
16-05-2025 15:00:46.375 [restartedMain] INFO  c.e.financery.FinanceryApplication - No active profile set, falling back to 1 default profile: "default"
16-05-2025 15:00:47.117 [restartedMain] INFO  o.a.coyote.http11.Http11NioProtocol - Initializing ProtocolHandler ["http-nio-8080"]
16-05-2025 15:00:47.392 [restartedMain] WARN  org.hibernate.orm.deprecation - HHH90000025: PostgreSQLDialect does not need to be specified explicitly using 'hibernate.dialect' (remove the property setting and it will be selected by default)
16-05-2025 15:00:48.478 [restartedMain] INFO  c.e.financery.aspect.LoggingAspect - Началось выполнение: AsyncConfig.executor()
16-05-2025 15:00:48.478 [restartedMain] INFO  c.e.financery.aspect.LoggingAspect - Закончилось выполнение: AsyncConfig.executor() с результатом: org.springframework.scheduling.concurrent.ThreadPoolTaskExecutor@6d8e8c5e
16-05-2025 15:00:48.553 [restartedMain] INFO  c.e.financery.utils.InMemoryCache - LRU Кеш инициализирован с максимальным размером: 3
16-05-2025 15:00:48.617 [restartedMain] INFO  c.e.financery.aspect.LoggingAspect - Началось выполнение: OpenApiConfig.customOpenApi()
16-05-2025 15:00:48.617 [restartedMain] INFO  c.e.financery.aspect.LoggingAspect - Закончилось выполнение: OpenApiConfig.customOpenApi() с результатом: class OpenAPI {
    openapi: 3.0.1
    info: class Info {
        title: Financery API
        description: API documentation for Financery API
        summary: null
        termsOfService: null
        contact: null
        license: null
        version: 1.0
    }
    externalDocs: class ExternalDocumentation {
        description: GitHub repository
        url: https://github.com/Max0neS/Financery
    }
    servers: null
    security: null
    tags: null
    paths: null
    components: null
}
16-05-2025 15:00:49.503 [restartedMain] INFO  o.a.coyote.http11.Http11NioProtocol - Starting ProtocolHandler ["http-nio-8080"]
16-05-2025 15:00:49.512 [restartedMain] INFO  c.e.financery.FinanceryApplication - Started FinanceryApplication in 3.195 seconds (process running for 491.692)
16-05-2025 15:02:12.135 [tomcat-shutdown] INFO  o.a.coyote.http11.Http11NioProtocol - Pausing ProtocolHandler ["http-nio-8080"]
16-05-2025 15:02:12.154 [Thread-15] INFO  o.a.coyote.http11.Http11NioProtocol - Stopping ProtocolHandler ["http-nio-8080"]
16-05-2025 15:02:12.278 [restartedMain] INFO  c.e.financery.FinanceryApplication - Starting FinanceryApplication using Java 23.0.2 with PID 16516 (C:\Users\MaxiM\IdeaProjects\Financery\target\classes started by MaxiM in C:\Users\MaxiM\IdeaProjects\Financery)
16-05-2025 15:02:12.279 [restartedMain] DEBUG c.e.financery.FinanceryApplication - Running with Spring Boot v3.4.2, Spring v6.2.2
16-05-2025 15:02:12.279 [restartedMain] INFO  c.e.financery.FinanceryApplication - No active profile set, falling back to 1 default profile: "default"
16-05-2025 15:02:12.902 [restartedMain] INFO  o.a.coyote.http11.Http11NioProtocol - Initializing ProtocolHandler ["http-nio-8080"]
16-05-2025 15:02:13.190 [restartedMain] WARN  org.hibernate.orm.deprecation - HHH90000025: PostgreSQLDialect does not need to be specified explicitly using 'hibernate.dialect' (remove the property setting and it will be selected by default)
16-05-2025 15:02:14.603 [restartedMain] WARN  o.s.b.w.s.c.AnnotationConfigServletWebServerApplicationContext - Exception encountered during context initialization - cancelling refresh attempt: org.springframework.beans.factory.UnsatisfiedDependencyException: Error creating bean with name 'logController' defined in file [C:\Users\MaxiM\IdeaProjects\Financery\target\classes\com\example\financery\controller\LogController.class]: Unsatisfied dependency expressed through constructor parameter 0: No qualifying bean of type 'com.example.financery.service.LogService' available: expected at least 1 bean which qualifies as autowire candidate. Dependency annotations: {}
16-05-2025 15:02:14.647 [restartedMain] ERROR o.s.b.d.LoggingFailureAnalysisReporter - 

***************************
APPLICATION FAILED TO START
***************************

Description:

Parameter 0 of constructor in com.example.financery.controller.LogController required a bean of type 'com.example.financery.service.LogService' that could not be found.


Action:

Consider defining a bean of type 'com.example.financery.service.LogService' in your configuration.

16-05-2025 15:02:16.157 [restartedMain] INFO  c.e.financery.FinanceryApplication - Starting FinanceryApplication using Java 23.0.2 with PID 16516 (C:\Users\MaxiM\IdeaProjects\Financery\target\classes started by MaxiM in C:\Users\MaxiM\IdeaProjects\Financery)
16-05-2025 15:02:16.157 [restartedMain] DEBUG c.e.financery.FinanceryApplication - Running with Spring Boot v3.4.2, Spring v6.2.2
16-05-2025 15:02:16.157 [restartedMain] INFO  c.e.financery.FinanceryApplication - No active profile set, falling back to 1 default profile: "default"
16-05-2025 15:02:16.740 [restartedMain] INFO  o.a.coyote.http11.Http11NioProtocol - Initializing ProtocolHandler ["http-nio-8080"]
16-05-2025 15:02:16.981 [restartedMain] WARN  org.hibernate.orm.deprecation - HHH90000025: PostgreSQLDialect does not need to be specified explicitly using 'hibernate.dialect' (remove the property setting and it will be selected by default)
16-05-2025 15:02:18.033 [restartedMain] INFO  c.e.financery.aspect.LoggingAspect - Началось выполнение: AsyncConfig.executor()
16-05-2025 15:02:18.034 [restartedMain] INFO  c.e.financery.aspect.LoggingAspect - Закончилось выполнение: AsyncConfig.executor() с результатом: org.springframework.scheduling.concurrent.ThreadPoolTaskExecutor@50a28195
16-05-2025 15:02:18.129 [restartedMain] INFO  c.e.financery.utils.InMemoryCache - LRU Кеш инициализирован с максимальным размером: 3
16-05-2025 15:02:18.204 [restartedMain] INFO  c.e.financery.aspect.LoggingAspect - Началось выполнение: OpenApiConfig.customOpenApi()
16-05-2025 15:02:18.205 [restartedMain] INFO  c.e.financery.aspect.LoggingAspect - Закончилось выполнение: OpenApiConfig.customOpenApi() с результатом: class OpenAPI {
    openapi: 3.0.1
    info: class Info {
        title: Financery API
        description: API documentation for Financery API
        summary: null
        termsOfService: null
        contact: null
        license: null
        version: 1.0
    }
    externalDocs: class ExternalDocumentation {
        description: GitHub repository
        url: https://github.com/Max0neS/Financery
    }
    servers: null
    security: null
    tags: null
    paths: null
    components: null
}
16-05-2025 15:02:18.993 [restartedMain] INFO  o.a.coyote.http11.Http11NioProtocol - Starting ProtocolHandler ["http-nio-8080"]
16-05-2025 15:02:19.001 [restartedMain] INFO  c.e.financery.FinanceryApplication - Started FinanceryApplication in 2.88 seconds (process running for 581.181)
